<?xml version="1.0" encoding="UTF-8" standalone="no"?>
<testsuites errors="1" failures="1" name="Mock Suite" tests="8" time="19.0">
  <testsuite errors="1" failures="1" name="Mock Suite" skipped="1" tests="8" time="19.0">
    <testcase classname="mock.MockTest" name="testPass" time="1.000"/>
    <testcase classname="mock.MockTest" name="testFail" time="2.000"/>
    <testcase classname="mock.MockTest" name="testError" time="3.000"/>
    <testcase classname="mock.MockTest" name="testSkip" time="0.000"/>
    <testcase classname="mock.MockTest" name="testNewFail" time="2.000"/>
    <testcase classname="mock.MockTest" name="testPersistentFail" time="5.000">
                              
      
      
      
      <failure message="This test always fails" type="AssertionError">Stacktrace here</failure>
                            
    
    
    
    </testcase>
    <testcase classname="mock.MockTest" name="testPersistentError" time="6.000">
                              
      
      
      
      <error message="This test always errors" type="RuntimeException">Stacktrace here</error>
                            
    
    
    
    </testcase>
    <testcase classname="mock.MockTest" name="testPersistentSkip" time="0.000">
                              
      
      
      
      <skipped/>
                            
    
    
    
    </testcase>
  </testsuite>
</testsuites>
