<?xml version="1.0" encoding="UTF-8"?>
<testsuites name="Mock Suite" time="8.000" tests="5" failures="1" errors="0" skipped="1">
  <testsuite name="Mock Suite" tests="5" failures="1" errors="0" skipped="1" time="8.000" timestamp="2025-07-10T12:00:00.000Z">
    <testcase classname="mock.MockTest" name="testPass" time="1.000"/>
    <testcase classname="mock.MockTest" name="testFail" time="2.000">
      <failure type="AssertionError" message="expected true but was false">Stacktrace here</failure>
    </testcase>
    <testcase classname="mock.MockTest" name="testError" time="3.000"/>
    <testcase classname="mock.MockTest" name="testSkip" time="0.000">
      <skipped/>
    </testcase>
    <testcase classname="mock.MockTest" name="testNewFail" time="2.000"/>
  </testsuite>
</testsuites> 