<?xml version="1.0" encoding="UTF-8"?>
<testsuites name="Mock Suite" time="12.345" tests="4" failures="1" errors="1" skipped="1">
  <testsuite name="Mock Suite" tests="4" failures="1" errors="1" skipped="1" time="12.345" timestamp="2025-07-10T10:00:00.000Z">
    <testcase classname="mock.MockTest" name="testPass" time="1.000"/>
    <testcase classname="mock.MockTest" name="testFail" time="2.000">
      <failure type="AssertionError" message="expected true but was false">Stacktrace here</failure>
    </testcase>
    <testcase classname="mock.MockTest" name="testError" time="3.000">
      <error type="NullPointerException" message="null pointer">Stacktrace here</error>
    </testcase>
    <testcase classname="mock.MockTest" name="testSkip" time="0.000">
      <skipped/>
    </testcase>
  </testsuite>
</testsuites> 